** [Honeybadger] Initializing Honeybadger Error Tracker for Ruby. Ship it! version=3.1.2 framework=rails level=1 pid=35667
** [Honeybadger] Entering development mode: data will not be reported. level=2 pid=35667
** [Honeybadger] Initializing Honeybadger Error Tracker for Ruby. Ship it! version=3.1.2 framework=rails level=1 pid=35675
** [Honeybadger] Entering development mode: data will not be reported. level=2 pid=35675
** [Honeybadger] Initializing Honeybadger Error Tracker for Ruby. Ship it! version=3.1.2 framework=rails level=1 pid=35689
** [Honeybadger] Entering development mode: data will not be reported. level=2 pid=35689
** [Honeybadger] Initializing Honeybadger Error Tracker for Ruby. Ship it! version=3.1.2 framework=rails level=1 pid=35704
** [Honeybadger] Entering development mode: data will not be reported. level=2 pid=35704
  [1m[35m (12.0ms)[0m  [1m[34mSELECT pg_try_advisory_lock(4248443238135567765)[0m
  [1m[35m (1.4ms)[0m  [1m[34mSELECT "schema_migrations"."version" FROM "schema_migrations" ORDER BY "schema_migrations"."version" ASC[0m
Migrating to CreateDelayedJobs (20171118114518)
  [1m[35m (0.2ms)[0m  [1m[35mBEGIN[0m
  [1m[35m (0.2ms)[0m  [1m[35mDROP TABLE IF EXISTS "delayed_jobs"[0m
  [1m[35m (30.8ms)[0m  [1m[35mCREATE TABLE "delayed_jobs" ("id" bigserial primary key, "priority" integer DEFAULT 0 NOT NULL, "attempts" integer DEFAULT 0 NOT NULL, "handler" text NOT NULL, "last_error" text, "run_at" timestamp, "locked_at" timestamp, "failed_at" timestamp, "locked_by" character varying, "queue" character varying, "created_at" timestamp, "updated_at" timestamp)[0m
  [1m[35m (1.1ms)[0m  [1m[35mCREATE  INDEX  "delayed_jobs_priority" ON "delayed_jobs"  ("priority", "run_at")[0m
  [1m[35mSQL (0.3ms)[0m  [1m[32mINSERT INTO "schema_migrations" ("version") VALUES ($1) RETURNING "version"[0m  [["version", "20171118114518"]]
  [1m[35m (3.6ms)[0m  [1m[35mCOMMIT[0m
  [1m[36mActiveRecord::InternalMetadata Load (0.4ms)[0m  [1m[34mSELECT  "ar_internal_metadata".* FROM "ar_internal_metadata" WHERE "ar_internal_metadata"."key" = $1 LIMIT $2[0m  [["key", "environment"], ["LIMIT", 1]]
  [1m[35m (0.7ms)[0m  [1m[35mBEGIN[0m
  [1m[35m (0.5ms)[0m  [1m[35mCOMMIT[0m
  [1m[35m (1.0ms)[0m  [1m[34mSELECT pg_advisory_unlock(4248443238135567765)[0m
  [1m[35m (0.2ms)[0m  [1m[34mSELECT "schema_migrations"."version" FROM "schema_migrations" ORDER BY "schema_migrations"."version" ASC[0m
** [Honeybadger] Initializing Honeybadger Error Tracker for Ruby. Ship it! version=3.1.2 framework=rails level=1 pid=35727
** [Honeybadger] Entering development mode: data will not be reported. level=2 pid=35727
** [Honeybadger] Initializing Honeybadger Error Tracker for Ruby. Ship it! version=3.1.2 framework=rails level=1 pid=35744
** [Honeybadger] Entering development mode: data will not be reported. level=2 pid=35744
** [Honeybadger] Initializing Honeybadger Error Tracker for Ruby. Ship it! version=3.1.2 framework=rails level=1 pid=35761
** [Honeybadger] Entering development mode: data will not be reported. level=2 pid=35761
** [Honeybadger] Initializing Honeybadger Error Tracker for Ruby. Ship it! version=3.1.2 framework=rails level=1 pid=35777
** [Honeybadger] Entering development mode: data will not be reported. level=2 pid=35777
** [Honeybadger] Initializing Honeybadger Error Tracker for Ruby. Ship it! version=3.1.2 framework=rails level=1 pid=35795
** [Honeybadger] Entering development mode: data will not be reported. level=2 pid=35795
** [Honeybadger] Initializing Honeybadger Error Tracker for Ruby. Ship it! version=3.1.2 framework=rails level=1 pid=35810
** [Honeybadger] Entering development mode: data will not be reported. level=2 pid=35810
** [Honeybadger] Initializing Honeybadger Error Tracker for Ruby. Ship it! version=3.1.2 framework=rails level=1 pid=35881
** [Honeybadger] Entering development mode: data will not be reported. level=2 pid=35881
** [Honeybadger] Initializing Honeybadger Error Tracker for Ruby. Ship it! version=3.1.2 framework=rails level=1 pid=37597
** [Honeybadger] Entering development mode: data will not be reported. level=2 pid=37597
  [1m[35m (0.2ms)[0m  [1m[34mSELECT pg_try_advisory_lock(4248443238135567765)[0m
  [1m[35m (0.5ms)[0m  [1m[34mSELECT "schema_migrations"."version" FROM "schema_migrations" ORDER BY "schema_migrations"."version" ASC[0m
  [1m[36mActiveRecord::InternalMetadata Load (0.4ms)[0m  [1m[34mSELECT  "ar_internal_metadata".* FROM "ar_internal_metadata" WHERE "ar_internal_metadata"."key" = $1 LIMIT $2[0m  [["key", "environment"], ["LIMIT", 1]]
  [1m[35m (0.2ms)[0m  [1m[35mBEGIN[0m
  [1m[35m (0.1ms)[0m  [1m[35mCOMMIT[0m
  [1m[35m (0.2ms)[0m  [1m[34mSELECT pg_advisory_unlock(4248443238135567765)[0m
  [1m[35m (0.2ms)[0m  [1m[34mSELECT "schema_migrations"."version" FROM "schema_migrations" ORDER BY "schema_migrations"."version" ASC[0m
** [Honeybadger] Initializing Honeybadger Error Tracker for Ruby. Ship it! version=3.1.2 framework=rails level=1 pid=37633
** [Honeybadger] Entering development mode: data will not be reported. level=2 pid=37633
  [1m[35m (0.4ms)[0m  [1m[34mSELECT "schema_migrations"."version" FROM "schema_migrations" ORDER BY "schema_migrations"."version" ASC[0m
  [1m[35m (0.2ms)[0m  [1m[34mSELECT "ar_internal_metadata"."value" FROM "ar_internal_metadata" WHERE "ar_internal_metadata"."key" = $1[0m  [["key", "environment"]]
  [1m[35m (0.3ms)[0m  [1m[34mSELECT "schema_migrations"."version" FROM "schema_migrations" ORDER BY "schema_migrations"."version" ASC[0m
  [1m[35m (0.2ms)[0m  [1m[34mSELECT "ar_internal_metadata"."value" FROM "ar_internal_metadata" WHERE "ar_internal_metadata"."key" = $1[0m  [["key", "environment"]]
  [1m[35m (0.2ms)[0m  [1m[34mSELECT "schema_migrations"."version" FROM "schema_migrations" ORDER BY "schema_migrations"."version" ASC[0m
  [1m[35m (0.1ms)[0m  [1m[34mSELECT "ar_internal_metadata"."value" FROM "ar_internal_metadata" WHERE "ar_internal_metadata"."key" = $1[0m  [["key", "environment"]]
  [1m[35mSQL (1.2ms)[0m  [1m[35mCREATE EXTENSION IF NOT EXISTS "plpgsql"[0m
  [1m[35m (4.7ms)[0m  [1m[35mDROP TABLE IF EXISTS "delayed_jobs" CASCADE[0m
  [1m[35m (6.6ms)[0m  [1m[35mCREATE TABLE "delayed_jobs" ("id" bigserial primary key, "priority" integer DEFAULT 0 NOT NULL, "attempts" integer DEFAULT 0 NOT NULL, "handler" text NOT NULL, "last_error" text, "run_at" timestamp, "locked_at" timestamp, "failed_at" timestamp, "locked_by" character varying, "queue" character varying, "created_at" timestamp, "updated_at" timestamp)[0m
  [1m[35m (3.0ms)[0m  [1m[35mCREATE  INDEX  "delayed_jobs_priority" ON "delayed_jobs"  ("priority", "run_at")[0m
  [1m[35m (2.5ms)[0m  [1m[35mDROP TABLE IF EXISTS "users" CASCADE[0m
  [1m[35m (7.2ms)[0m  [1m[35mCREATE TABLE "users" ("id" bigserial primary key, "name" character varying, "email" character varying, "password_digest" character varying, "created_at" timestamp NOT NULL, "updated_at" timestamp NOT NULL)[0m
  [1m[35m (0.8ms)[0m  [1m[34mSELECT "schema_migrations"."version" FROM "schema_migrations" ORDER BY "schema_migrations"."version" ASC[0m
  [1m[36mActiveRecord::InternalMetadata Load (2.3ms)[0m  [1m[34mSELECT  "ar_internal_metadata".* FROM "ar_internal_metadata" WHERE "ar_internal_metadata"."key" = $1 LIMIT $2[0m  [["key", "environment"], ["LIMIT", 1]]
  [1m[35m (0.2ms)[0m  [1m[35mBEGIN[0m
  [1m[35m (0.1ms)[0m  [1m[35mCOMMIT[0m
  [1m[36mActiveRecord::InternalMetadata Load (0.2ms)[0m  [1m[34mSELECT  "ar_internal_metadata".* FROM "ar_internal_metadata" WHERE "ar_internal_metadata"."key" = $1 LIMIT $2[0m  [["key", "environment"], ["LIMIT", 1]]
  [1m[35m (0.1ms)[0m  [1m[35mBEGIN[0m
  [1m[35m (0.1ms)[0m  [1m[35mCOMMIT[0m
  [1m[35mSQL (0.2ms)[0m  [1m[35mCREATE EXTENSION IF NOT EXISTS "plpgsql"[0m
  [1m[35m (16.3ms)[0m  [1m[35mDROP TABLE IF EXISTS "delayed_jobs" CASCADE[0m
  [1m[35m (7.4ms)[0m  [1m[35mCREATE TABLE "delayed_jobs" ("id" bigserial primary key, "priority" integer DEFAULT 0 NOT NULL, "attempts" integer DEFAULT 0 NOT NULL, "handler" text NOT NULL, "last_error" text, "run_at" timestamp, "locked_at" timestamp, "failed_at" timestamp, "locked_by" character varying, "queue" character varying, "created_at" timestamp, "updated_at" timestamp)[0m
  [1m[35m (1.6ms)[0m  [1m[35mCREATE  INDEX  "delayed_jobs_priority" ON "delayed_jobs"  ("priority", "run_at")[0m
  [1m[35m (1.5ms)[0m  [1m[35mDROP TABLE IF EXISTS "users" CASCADE[0m
  [1m[35m (3.6ms)[0m  [1m[35mCREATE TABLE "users" ("id" bigserial primary key, "name" character varying, "email" character varying, "password_digest" character varying, "created_at" timestamp NOT NULL, "updated_at" timestamp NOT NULL)[0m
  [1m[35m (0.5ms)[0m  [1m[34mSELECT "schema_migrations"."version" FROM "schema_migrations" ORDER BY "schema_migrations"."version" ASC[0m
  [1m[35m (0.5ms)[0m  [1m[32mINSERT INTO "schema_migrations" (version) VALUES
(20171015160550);

[0m
  [1m[36mActiveRecord::InternalMetadata Load (0.4ms)[0m  [1m[34mSELECT  "ar_internal_metadata".* FROM "ar_internal_metadata" WHERE "ar_internal_metadata"."key" = $1 LIMIT $2[0m  [["key", "environment"], ["LIMIT", 1]]
  [1m[35m (0.3ms)[0m  [1m[35mBEGIN[0m
  [1m[35mSQL (1.7ms)[0m  [1m[33mUPDATE "ar_internal_metadata" SET "value" = $1, "updated_at" = $2 WHERE "ar_internal_metadata"."key" = $3[0m  [["value", "development"], ["updated_at", "2017-11-18 12:26:10.558383"], ["key", "environment"]]
  [1m[35m (6.0ms)[0m  [1m[35mCOMMIT[0m
  [1m[36mActiveRecord::InternalMetadata Load (0.2ms)[0m  [1m[34mSELECT  "ar_internal_metadata".* FROM "ar_internal_metadata" WHERE "ar_internal_metadata"."key" = $1 LIMIT $2[0m  [["key", "environment"], ["LIMIT", 1]]
  [1m[35m (0.1ms)[0m  [1m[35mBEGIN[0m
  [1m[35m (0.1ms)[0m  [1m[35mCOMMIT[0m
  [1m[35m (1.1ms)[0m  [1m[34mSELECT "schema_migrations"."version" FROM "schema_migrations" ORDER BY "schema_migrations"."version" ASC[0m
** [Honeybadger] Initializing Honeybadger Error Tracker for Ruby. Ship it! version=3.1.2 framework=rails level=1 pid=37899
** [Honeybadger] Entering development mode: data will not be reported. level=2 pid=37899
** [Honeybadger] Initializing Honeybadger Error Tracker for Ruby. Ship it! version=3.1.2 framework=rails level=1 pid=37999
** [Honeybadger] Entering development mode: data will not be reported. level=2 pid=37999
  [1m[35m (0.7ms)[0m  [1m[34mSELECT "schema_migrations"."version" FROM "schema_migrations" ORDER BY "schema_migrations"."version" ASC[0m
  [1m[35m (0.2ms)[0m  [1m[34mSELECT pg_try_advisory_lock(4248443238135567765)[0m
  [1m[35m (0.2ms)[0m  [1m[34mSELECT "schema_migrations"."version" FROM "schema_migrations" ORDER BY "schema_migrations"."version" ASC[0m
Migrating to CreateDelayedJobs (20171118114518)
  [1m[35m (0.1ms)[0m  [1m[35mBEGIN[0m
  [1m[35m (7.1ms)[0m  [1m[35mDROP TABLE "delayed_jobs"[0m
  [1m[35mSQL (0.6ms)[0m  [1m[31mDELETE FROM "schema_migrations" WHERE "schema_migrations"."version" = $1[0m  [["version", "20171118114518"]]
  [1m[35m (7.8ms)[0m  [1m[35mCOMMIT[0m
  [1m[35m (0.4ms)[0m  [1m[34mSELECT pg_advisory_unlock(4248443238135567765)[0m
  [1m[35m (0.2ms)[0m  [1m[34mSELECT "schema_migrations"."version" FROM "schema_migrations" ORDER BY "schema_migrations"."version" ASC[0m
** [Honeybadger] Initializing Honeybadger Error Tracker for Ruby. Ship it! version=3.1.2 framework=rails level=1 pid=38020
** [Honeybadger] Entering development mode: data will not be reported. level=2 pid=38020
  [1m[35m (0.5ms)[0m  [1m[34mSELECT "schema_migrations"."version" FROM "schema_migrations" ORDER BY "schema_migrations"."version" ASC[0m
  [1m[35m (0.1ms)[0m  [1m[34mSELECT pg_try_advisory_lock(4248443238135567765)[0m
  [1m[35m (0.2ms)[0m  [1m[34mSELECT "schema_migrations"."version" FROM "schema_migrations" ORDER BY "schema_migrations"."version" ASC[0m
Migrating to CreateUsers (20171015160550)
  [1m[35m (0.1ms)[0m  [1m[35mBEGIN[0m
  [1m[35m (1.1ms)[0m  [1m[35mDROP TABLE "users"[0m
  [1m[35mSQL (0.4ms)[0m  [1m[31mDELETE FROM "schema_migrations" WHERE "schema_migrations"."version" = $1[0m  [["version", "20171015160550"]]
  [1m[35m (7.1ms)[0m  [1m[35mCOMMIT[0m
  [1m[35m (0.2ms)[0m  [1m[34mSELECT pg_advisory_unlock(4248443238135567765)[0m
  [1m[35m (0.3ms)[0m  [1m[34mSELECT "schema_migrations"."version" FROM "schema_migrations" ORDER BY "schema_migrations"."version" ASC[0m
** [Honeybadger] Initializing Honeybadger Error Tracker for Ruby. Ship it! version=3.1.2 framework=rails level=1 pid=38115
** [Honeybadger] Entering development mode: data will not be reported. level=2 pid=38115
  [1m[35m (0.2ms)[0m  [1m[34mSELECT pg_try_advisory_lock(4248443238135567765)[0m
  [1m[35m (0.5ms)[0m  [1m[34mSELECT "schema_migrations"."version" FROM "schema_migrations" ORDER BY "schema_migrations"."version" ASC[0m
Migrating to CreateUsers (20171015160550)
  [1m[35m (0.1ms)[0m  [1m[35mBEGIN[0m
  [1m[35m (7.3ms)[0m  [1m[35mCREATE TABLE "users" ("id" bigserial primary key, "name" character varying, "email" character varying, "password_digest" character varying, "uid" character varying, "created_at" timestamp NOT NULL, "updated_at" timestamp NOT NULL)[0m
  [1m[35mSQL (0.3ms)[0m  [1m[32mINSERT INTO "schema_migrations" ("version") VALUES ($1) RETURNING "version"[0m  [["version", "20171015160550"]]
  [1m[35m (0.6ms)[0m  [1m[35mCOMMIT[0m
Migrating to CreateDelayedJobs (20171118114518)
  [1m[35m (0.2ms)[0m  [1m[35mBEGIN[0m
  [1m[35m (0.2ms)[0m  [1m[35mDROP TABLE IF EXISTS "delayed_jobs"[0m
  [1m[35m (2.5ms)[0m  [1m[35mCREATE TABLE "delayed_jobs" ("id" bigserial primary key, "priority" integer DEFAULT 0 NOT NULL, "attempts" integer DEFAULT 0 NOT NULL, "handler" text NOT NULL, "last_error" text, "run_at" timestamp, "locked_at" timestamp, "failed_at" timestamp, "locked_by" character varying, "queue" character varying, "created_at" timestamp, "updated_at" timestamp)[0m
  [1m[35m (0.9ms)[0m  [1m[35mCREATE  INDEX  "delayed_jobs_priority" ON "delayed_jobs"  ("priority", "run_at")[0m
  [1m[35mSQL (0.3ms)[0m  [1m[32mINSERT INTO "schema_migrations" ("version") VALUES ($1) RETURNING "version"[0m  [["version", "20171118114518"]]
  [1m[35m (0.3ms)[0m  [1m[35mCOMMIT[0m
  [1m[36mActiveRecord::InternalMetadata Load (0.5ms)[0m  [1m[34mSELECT  "ar_internal_metadata".* FROM "ar_internal_metadata" WHERE "ar_internal_metadata"."key" = $1 LIMIT $2[0m  [["key", "environment"], ["LIMIT", 1]]
  [1m[35m (0.1ms)[0m  [1m[35mBEGIN[0m
  [1m[35m (0.3ms)[0m  [1m[35mCOMMIT[0m
  [1m[35m (0.5ms)[0m  [1m[34mSELECT pg_advisory_unlock(4248443238135567765)[0m
  [1m[35m (0.2ms)[0m  [1m[34mSELECT "schema_migrations"."version" FROM "schema_migrations" ORDER BY "schema_migrations"."version" ASC[0m
** [Honeybadger] Initializing Honeybadger Error Tracker for Ruby. Ship it! version=3.1.2 framework=rails level=1 pid=38228
** [Honeybadger] Entering development mode: data will not be reported. level=2 pid=38228
  [1m[35m (0.1ms)[0m  [1m[34mSELECT pg_try_advisory_lock(4248443238135567765)[0m
  [1m[35m (0.5ms)[0m  [1m[34mSELECT "schema_migrations"."version" FROM "schema_migrations" ORDER BY "schema_migrations"."version" ASC[0m
  [1m[36mActiveRecord::InternalMetadata Load (0.3ms)[0m  [1m[34mSELECT  "ar_internal_metadata".* FROM "ar_internal_metadata" WHERE "ar_internal_metadata"."key" = $1 LIMIT $2[0m  [["key", "environment"], ["LIMIT", 1]]
  [1m[35m (0.2ms)[0m  [1m[35mBEGIN[0m
  [1m[35m (0.1ms)[0m  [1m[35mCOMMIT[0m
  [1m[35m (0.2ms)[0m  [1m[34mSELECT pg_advisory_unlock(4248443238135567765)[0m
  [1m[35m (0.2ms)[0m  [1m[34mSELECT "schema_migrations"."version" FROM "schema_migrations" ORDER BY "schema_migrations"."version" ASC[0m
** [Honeybadger] Initializing Honeybadger Error Tracker for Ruby. Ship it! version=3.1.2 framework=rails level=1 pid=38313
** [Honeybadger] Entering development mode: data will not be reported. level=2 pid=38313
  [1m[35m (0.1ms)[0m  [1m[34mSELECT pg_try_advisory_lock(4248443238135567765)[0m
  [1m[35m (0.5ms)[0m  [1m[34mSELECT "schema_migrations"."version" FROM "schema_migrations" ORDER BY "schema_migrations"."version" ASC[0m
  [1m[36mActiveRecord::InternalMetadata Load (0.3ms)[0m  [1m[34mSELECT  "ar_internal_metadata".* FROM "ar_internal_metadata" WHERE "ar_internal_metadata"."key" = $1 LIMIT $2[0m  [["key", "environment"], ["LIMIT", 1]]
  [1m[35m (0.1ms)[0m  [1m[35mBEGIN[0m
  [1m[35m (0.1ms)[0m  [1m[35mCOMMIT[0m
  [1m[35m (0.2ms)[0m  [1m[34mSELECT pg_advisory_unlock(4248443238135567765)[0m
  [1m[35m (0.2ms)[0m  [1m[34mSELECT "schema_migrations"."version" FROM "schema_migrations" ORDER BY "schema_migrations"."version" ASC[0m
** [Honeybadger] Initializing Honeybadger Error Tracker for Ruby. Ship it! version=3.1.2 framework=rails level=1 pid=38426
** [Honeybadger] Entering development mode: data will not be reported. level=2 pid=38426
  [1m[35m (0.2ms)[0m  [1m[34mSELECT pg_try_advisory_lock(4248443238135567765)[0m
  [1m[35m (0.5ms)[0m  [1m[34mSELECT "schema_migrations"."version" FROM "schema_migrations" ORDER BY "schema_migrations"."version" ASC[0m
  [1m[36mActiveRecord::InternalMetadata Load (0.3ms)[0m  [1m[34mSELECT  "ar_internal_metadata".* FROM "ar_internal_metadata" WHERE "ar_internal_metadata"."key" = $1 LIMIT $2[0m  [["key", "environment"], ["LIMIT", 1]]
  [1m[35m (0.1ms)[0m  [1m[35mBEGIN[0m
  [1m[35m (0.1ms)[0m  [1m[35mCOMMIT[0m
  [1m[35m (0.2ms)[0m  [1m[34mSELECT pg_advisory_unlock(4248443238135567765)[0m
  [1m[35m (0.8ms)[0m  [1m[34mSELECT "schema_migrations"."version" FROM "schema_migrations" ORDER BY "schema_migrations"."version" ASC[0m
** [Honeybadger] Initializing Honeybadger Error Tracker for Ruby. Ship it! version=3.1.2 framework=rails level=1 pid=38459
** [Honeybadger] Entering development mode: data will not be reported. level=2 pid=38459
  [1m[35m (0.2ms)[0m  [1m[34mSELECT pg_try_advisory_lock(4248443238135567765)[0m
  [1m[35m (0.5ms)[0m  [1m[34mSELECT "schema_migrations"."version" FROM "schema_migrations" ORDER BY "schema_migrations"."version" ASC[0m
  [1m[36mActiveRecord::InternalMetadata Load (0.3ms)[0m  [1m[34mSELECT  "ar_internal_metadata".* FROM "ar_internal_metadata" WHERE "ar_internal_metadata"."key" = $1 LIMIT $2[0m  [["key", "environment"], ["LIMIT", 1]]
  [1m[35m (0.1ms)[0m  [1m[35mBEGIN[0m
  [1m[35m (0.1ms)[0m  [1m[35mCOMMIT[0m
  [1m[35m (0.2ms)[0m  [1m[34mSELECT pg_advisory_unlock(4248443238135567765)[0m
  [1m[35m (0.2ms)[0m  [1m[34mSELECT "schema_migrations"."version" FROM "schema_migrations" ORDER BY "schema_migrations"."version" ASC[0m
** [Honeybadger] Initializing Honeybadger Error Tracker for Ruby. Ship it! version=3.1.2 framework=rails level=1 pid=38486
** [Honeybadger] Entering development mode: data will not be reported. level=2 pid=38486
  [1m[35m (0.5ms)[0m  [1m[34mSELECT "schema_migrations"."version" FROM "schema_migrations" ORDER BY "schema_migrations"."version" ASC[0m
  [1m[35m (0.2ms)[0m  [1m[34mSELECT pg_try_advisory_lock(4248443238135567765)[0m
  [1m[35m (0.2ms)[0m  [1m[34mSELECT "schema_migrations"."version" FROM "schema_migrations" ORDER BY "schema_migrations"."version" ASC[0m
Migrating to CreateDelayedJobs (20171118114518)
  [1m[35m (0.1ms)[0m  [1m[35mBEGIN[0m
  [1m[35m (1.5ms)[0m  [1m[35mDROP TABLE "delayed_jobs"[0m
  [1m[35mSQL (0.6ms)[0m  [1m[31mDELETE FROM "schema_migrations" WHERE "schema_migrations"."version" = $1[0m  [["version", "20171118114518"]]
  [1m[35m (1.7ms)[0m  [1m[35mCOMMIT[0m
  [1m[35m (0.2ms)[0m  [1m[34mSELECT pg_advisory_unlock(4248443238135567765)[0m
  [1m[35m (0.3ms)[0m  [1m[34mSELECT "schema_migrations"."version" FROM "schema_migrations" ORDER BY "schema_migrations"."version" ASC[0m
** [Honeybadger] Initializing Honeybadger Error Tracker for Ruby. Ship it! version=3.1.2 framework=rails level=1 pid=38513
** [Honeybadger] Entering development mode: data will not be reported. level=2 pid=38513
  [1m[35m (0.2ms)[0m  [1m[34mSELECT pg_try_advisory_lock(4248443238135567765)[0m
  [1m[35m (0.4ms)[0m  [1m[34mSELECT "schema_migrations"."version" FROM "schema_migrations" ORDER BY "schema_migrations"."version" ASC[0m
Migrating to CreateDelayedJobs (20171118114518)
  [1m[35m (0.1ms)[0m  [1m[35mBEGIN[0m
  [1m[35m (0.2ms)[0m  [1m[35mDROP TABLE IF EXISTS "delayed_jobs"[0m
  [1m[35m (4.4ms)[0m  [1m[35mCREATE TABLE "delayed_jobs" ("id" bigserial primary key, "priority" integer DEFAULT 0 NOT NULL, "attempts" integer DEFAULT 0 NOT NULL, "handler" text NOT NULL, "last_error" text, "run_at" timestamp, "locked_at" timestamp, "failed_at" timestamp, "locked_by" character varying, "queue" character varying, "created_at" timestamp, "updated_at" timestamp)[0m
  [1m[35m (0.9ms)[0m  [1m[35mCREATE  INDEX  "delayed_jobs_priority" ON "delayed_jobs"  ("priority", "run_at")[0m
  [1m[35mSQL (0.4ms)[0m  [1m[32mINSERT INTO "schema_migrations" ("version") VALUES ($1) RETURNING "version"[0m  [["version", "20171118114518"]]
  [1m[35m (0.5ms)[0m  [1m[35mCOMMIT[0m
  [1m[36mActiveRecord::InternalMetadata Load (0.4ms)[0m  [1m[34mSELECT  "ar_internal_metadata".* FROM "ar_internal_metadata" WHERE "ar_internal_metadata"."key" = $1 LIMIT $2[0m  [["key", "environment"], ["LIMIT", 1]]
  [1m[35m (0.1ms)[0m  [1m[35mBEGIN[0m
  [1m[35m (0.2ms)[0m  [1m[35mCOMMIT[0m
  [1m[35m (0.2ms)[0m  [1m[34mSELECT pg_advisory_unlock(4248443238135567765)[0m
  [1m[35m (0.9ms)[0m  [1m[34mSELECT "schema_migrations"."version" FROM "schema_migrations" ORDER BY "schema_migrations"."version" ASC[0m
** [Honeybadger] Initializing Honeybadger Error Tracker for Ruby. Ship it! version=3.1.2 framework=rails level=1 pid=38542
** [Honeybadger] Entering development mode: data will not be reported. level=2 pid=38542
  [1m[35m (0.5ms)[0m  [1m[34mSELECT "schema_migrations"."version" FROM "schema_migrations" ORDER BY "schema_migrations"."version" ASC[0m
  [1m[35m (0.1ms)[0m  [1m[34mSELECT pg_try_advisory_lock(4248443238135567765)[0m
  [1m[35m (0.2ms)[0m  [1m[34mSELECT "schema_migrations"."version" FROM "schema_migrations" ORDER BY "schema_migrations"."version" ASC[0m
Migrating to CreateDelayedJobs (20171118114518)
  [1m[35m (0.2ms)[0m  [1m[35mBEGIN[0m
  [1m[35m (1.4ms)[0m  [1m[35mDROP TABLE "delayed_jobs"[0m
  [1m[35mSQL (0.4ms)[0m  [1m[31mDELETE FROM "schema_migrations" WHERE "schema_migrations"."version" = $1[0m  [["version", "20171118114518"]]
  [1m[35m (1.2ms)[0m  [1m[35mCOMMIT[0m
  [1m[35m (0.2ms)[0m  [1m[34mSELECT pg_advisory_unlock(4248443238135567765)[0m
  [1m[35m (1.2ms)[0m  [1m[34mSELECT "schema_migrations"."version" FROM "schema_migrations" ORDER BY "schema_migrations"."version" ASC[0m
** [Honeybadger] Initializing Honeybadger Error Tracker for Ruby. Ship it! version=3.1.2 framework=rails level=1 pid=38569
** [Honeybadger] Entering development mode: data will not be reported. level=2 pid=38569
  [1m[35m (0.5ms)[0m  [1m[34mSELECT "schema_migrations"."version" FROM "schema_migrations" ORDER BY "schema_migrations"."version" ASC[0m
  [1m[35m (0.2ms)[0m  [1m[34mSELECT pg_try_advisory_lock(4248443238135567765)[0m
  [1m[35m (0.2ms)[0m  [1m[34mSELECT "schema_migrations"."version" FROM "schema_migrations" ORDER BY "schema_migrations"."version" ASC[0m
Migrating to CreateUsers (20171015160550)
  [1m[35m (0.1ms)[0m  [1m[35mBEGIN[0m
  [1m[35m (2.8ms)[0m  [1m[35mDROP TABLE "users"[0m
  [1m[35mSQL (0.5ms)[0m  [1m[31mDELETE FROM "schema_migrations" WHERE "schema_migrations"."version" = $1[0m  [["version", "20171015160550"]]
  [1m[35m (3.9ms)[0m  [1m[35mCOMMIT[0m
  [1m[35m (0.7ms)[0m  [1m[34mSELECT pg_advisory_unlock(4248443238135567765)[0m
  [1m[35m (0.3ms)[0m  [1m[34mSELECT "schema_migrations"."version" FROM "schema_migrations" ORDER BY "schema_migrations"."version" ASC[0m
** [Honeybadger] Initializing Honeybadger Error Tracker for Ruby. Ship it! version=3.1.2 framework=rails level=1 pid=38677
** [Honeybadger] Entering development mode: data will not be reported. level=2 pid=38677
  [1m[35m (0.2ms)[0m  [1m[34mSELECT pg_try_advisory_lock(4248443238135567765)[0m
  [1m[35m (0.8ms)[0m  [1m[34mSELECT "schema_migrations"."version" FROM "schema_migrations" ORDER BY "schema_migrations"."version" ASC[0m
Migrating to CreateUsers (20171015160550)
  [1m[35m (0.1ms)[0m  [1m[35mBEGIN[0m
  [1m[35m (4.2ms)[0m  [1m[35mCREATE TABLE "users" ("id" bigserial primary key, "name" character varying, "email" character varying, "password_digest" character varying, "uid" character varying, "created_at" timestamp NOT NULL, "updated_at" timestamp NOT NULL)[0m
  [1m[35mSQL (0.9ms)[0m  [1m[32mINSERT INTO "schema_migrations" ("version") VALUES ($1) RETURNING "version"[0m  [["version", "20171015160550"]]
  [1m[35m (1.4ms)[0m  [1m[35mCOMMIT[0m
Migrating to CreateDelayedJobs (20171118114518)
  [1m[35m (0.5ms)[0m  [1m[35mBEGIN[0m
  [1m[35m (0.2ms)[0m  [1m[35mDROP TABLE IF EXISTS "delayed_jobs"[0m
  [1m[35m (2.7ms)[0m  [1m[35mCREATE TABLE "delayed_jobs" ("id" bigserial primary key, "priority" integer DEFAULT 0 NOT NULL, "attempts" integer DEFAULT 0 NOT NULL, "handler" text NOT NULL, "last_error" text, "run_at" timestamp, "locked_at" timestamp, "failed_at" timestamp, "locked_by" character varying, "queue" character varying, "created_at" timestamp, "updated_at" timestamp)[0m
  [1m[35m (2.0ms)[0m  [1m[35mCREATE  INDEX  "delayed_jobs_priority" ON "delayed_jobs"  ("priority", "run_at")[0m
  [1m[35mSQL (0.3ms)[0m  [1m[32mINSERT INTO "schema_migrations" ("version") VALUES ($1) RETURNING "version"[0m  [["version", "20171118114518"]]
  [1m[35m (0.4ms)[0m  [1m[35mCOMMIT[0m
  [1m[36mActiveRecord::InternalMetadata Load (0.4ms)[0m  [1m[34mSELECT  "ar_internal_metadata".* FROM "ar_internal_metadata" WHERE "ar_internal_metadata"."key" = $1 LIMIT $2[0m  [["key", "environment"], ["LIMIT", 1]]
  [1m[35m (0.1ms)[0m  [1m[35mBEGIN[0m
  [1m[35m (0.1ms)[0m  [1m[35mCOMMIT[0m
  [1m[35m (0.2ms)[0m  [1m[34mSELECT pg_advisory_unlock(4248443238135567765)[0m
  [1m[35m (0.6ms)[0m  [1m[34mSELECT "schema_migrations"."version" FROM "schema_migrations" ORDER BY "schema_migrations"."version" ASC[0m
** [Honeybadger] Initializing Honeybadger Error Tracker for Ruby. Ship it! version=3.1.2 framework=rails level=1 pid=91366
** [Honeybadger] Entering development mode: data will not be reported. level=2 pid=91366
  [1m[35m (0.2ms)[0m  [1m[35mBEGIN[0m
  [1m[36mUser Exists (2.8ms)[0m  [1m[34mSELECT  1 AS one FROM "users" WHERE "users"."name" = $1 LIMIT $2[0m  [["name", "John Doe"], ["LIMIT", 1]]
  [1m[36mUser Exists (0.5ms)[0m  [1m[34mSELECT  1 AS one FROM "users" WHERE "users"."email" = $1 LIMIT $2[0m  [["email", "user@gmail.com"], ["LIMIT", 1]]
  [1m[35mSQL (1.1ms)[0m  [1m[32mINSERT INTO "users" ("name", "email", "password_digest", "uid", "created_at", "updated_at") VALUES ($1, $2, $3, $4, $5, $6) RETURNING "id"[0m  [["name", "John Doe"], ["email", "user@gmail.com"], ["password_digest", "$2a$10$ioa1GlKeqA49EJ8se5bTj.KooefmMFoU4dKgntE0obYLfB.AJbpDu"], ["uid", "123"], ["created_at", "2017-12-26 00:59:14.971910"], ["updated_at", "2017-12-26 00:59:14.971910"]]
  [1m[35m (2.0ms)[0m  [1m[35mCOMMIT[0m
  [1m[35m (0.2ms)[0m  [1m[35mBEGIN[0m
  [1m[36mUser Exists (1.1ms)[0m  [1m[34mSELECT  1 AS one FROM "users" WHERE "users"."name" = $1 AND ("users"."id" != $2) LIMIT $3[0m  [["name", "John Doe"], ["id", 1], ["LIMIT", 1]]
  [1m[36mUser Exists (0.6ms)[0m  [1m[34mSELECT  1 AS one FROM "users" WHERE "users"."email" = $1 AND ("users"."id" != $2) LIMIT $3[0m  [["email", "user@gmail.com"], ["id", 1], ["LIMIT", 1]]
  [1m[35m (0.4ms)[0m  [1m[35mCOMMIT[0m
  [1m[35m (0.2ms)[0m  [1m[35mBEGIN[0m
  [1m[36mUser Exists (0.3ms)[0m  [1m[34mSELECT  1 AS one FROM "users" WHERE "users"."name" = $1 LIMIT $2[0m  [["name", "John Doe"], ["LIMIT", 1]]
  [1m[36mUser Exists (0.3ms)[0m  [1m[34mSELECT  1 AS one FROM "users" WHERE "users"."email" = $1 LIMIT $2[0m  [["email", "user2@gmail.com"], ["LIMIT", 1]]
  [1m[35m (0.2ms)[0m  [1m[31mROLLBACK[0m
  [1m[35m (0.2ms)[0m  [1m[35mBEGIN[0m
  [1m[36mUser Exists (0.3ms)[0m  [1m[34mSELECT  1 AS one FROM "users" WHERE "users"."name" = $1 LIMIT $2[0m  [["name", "John Doe"], ["LIMIT", 1]]
  [1m[36mUser Exists (0.2ms)[0m  [1m[34mSELECT  1 AS one FROM "users" WHERE "users"."email" = $1 LIMIT $2[0m  [["email", "user2@gmail.com"], ["LIMIT", 1]]
  [1m[35m (0.2ms)[0m  [1m[31mROLLBACK[0m
  [1m[36mUser Load (1.6ms)[0m  [1m[34mSELECT "users".* FROM "users"[0m
  [1m[35m (0.2ms)[0m  [1m[35mBEGIN[0m
  [1m[35mSQL (0.5ms)[0m  [1m[31mDELETE FROM "users" WHERE "users"."id" = $1[0m  [["id", 1]]
  [1m[35m (0.8ms)[0m  [1m[35mCOMMIT[0m
  [1m[35m (0.2ms)[0m  [1m[35mBEGIN[0m
  [1m[36mUser Exists (0.6ms)[0m  [1m[34mSELECT  1 AS one FROM "users" WHERE "users"."name" = $1 LIMIT $2[0m  [["name", "John Doe"], ["LIMIT", 1]]
  [1m[36mUser Exists (0.2ms)[0m  [1m[34mSELECT  1 AS one FROM "users" WHERE "users"."email" = $1 LIMIT $2[0m  [["email", "user@gmail.com"], ["LIMIT", 1]]
  [1m[35mSQL (0.4ms)[0m  [1m[32mINSERT INTO "users" ("name", "email", "password_digest", "uid", "created_at", "updated_at") VALUES ($1, $2, $3, $4, $5, $6) RETURNING "id"[0m  [["name", "John Doe"], ["email", "user@gmail.com"], ["password_digest", "$2a$10$iJL3uT3RLafBZgFfbF0bSOghcYvIhokqI/HwU.tFnotQByWQEMIy."], ["uid", "123"], ["created_at", "2017-12-26 01:31:12.238220"], ["updated_at", "2017-12-26 01:31:12.238220"]]
  [1m[35m (1.0ms)[0m  [1m[35mCOMMIT[0m
  [1m[35m (0.2ms)[0m  [1m[35mBEGIN[0m
  [1m[36mUser Exists (0.4ms)[0m  [1m[34mSELECT  1 AS one FROM "users" WHERE "users"."name" = $1 AND ("users"."id" != $2) LIMIT $3[0m  [["name", "John Doe"], ["id", 2], ["LIMIT", 1]]
  [1m[36mUser Exists (0.3ms)[0m  [1m[34mSELECT  1 AS one FROM "users" WHERE "users"."email" = $1 AND ("users"."id" != $2) LIMIT $3[0m  [["email", "user@gmail.com"], ["id", 2], ["LIMIT", 1]]
  [1m[35m (0.1ms)[0m  [1m[35mCOMMIT[0m
  [1m[35m (0.2ms)[0m  [1m[35mBEGIN[0m
  [1m[36mUser Exists (0.3ms)[0m  [1m[34mSELECT  1 AS one FROM "users" WHERE "users"."name" = $1 LIMIT $2[0m  [["name", "John Doe"], ["LIMIT", 1]]
  [1m[36mUser Exists (0.9ms)[0m  [1m[34mSELECT  1 AS one FROM "users" WHERE "users"."email" = $1 LIMIT $2[0m  [["email", "user2@gmail.com"], ["LIMIT", 1]]
  [1m[35m (0.2ms)[0m  [1m[31mROLLBACK[0m
  [1m[35m (0.2ms)[0m  [1m[35mBEGIN[0m
  [1m[36mUser Exists (0.3ms)[0m  [1m[34mSELECT  1 AS one FROM "users" WHERE "users"."name" = $1 LIMIT $2[0m  [["name", "John Doe"], ["LIMIT", 1]]
  [1m[36mUser Exists (0.3ms)[0m  [1m[34mSELECT  1 AS one FROM "users" WHERE "users"."email" = $1 LIMIT $2[0m  [["email", "user2@gmail.com"], ["LIMIT", 1]]
  [1m[35m (0.2ms)[0m  [1m[31mROLLBACK[0m
** [Honeybadger] Initializing Honeybadger Error Tracker for Ruby. Ship it! version=3.1.2 framework=rails level=1 pid=93126
** [Honeybadger] Entering development mode: data will not be reported. level=2 pid=93126
** [Honeybadger] Initializing Honeybadger Error Tracker for Ruby. Ship it! version=3.1.2 framework=rails level=1 pid=93143
** [Honeybadger] Entering development mode: data will not be reported. level=2 pid=93143
** [Honeybadger] Initializing Honeybadger Error Tracker for Ruby. Ship it! version=3.1.2 framework=rails level=1 pid=93514
** [Honeybadger] Entering development mode: data will not be reported. level=2 pid=93514
** [Honeybadger] Initializing Honeybadger Error Tracker for Ruby. Ship it! version=3.1.2 framework=rails level=1 pid=93930
** [Honeybadger] Entering development mode: data will not be reported. level=2 pid=93930
** [Honeybadger] Initializing Honeybadger Error Tracker for Ruby. Ship it! version=3.1.2 framework=rails level=1 pid=94448
** [Honeybadger] Entering development mode: data will not be reported. level=2 pid=94448
** [Honeybadger] Initializing Honeybadger Error Tracker for Ruby. Ship it! version=3.1.2 framework=rails level=1 pid=94726
** [Honeybadger] Entering development mode: data will not be reported. level=2 pid=94726
** [Honeybadger] Initializing Honeybadger Error Tracker for Ruby. Ship it! version=3.1.2 framework=rails level=1 pid=94747
** [Honeybadger] Entering development mode: data will not be reported. level=2 pid=94747
** [Honeybadger] Initializing Honeybadger Error Tracker for Ruby. Ship it! version=3.1.2 framework=rails level=1 pid=94771
** [Honeybadger] Entering development mode: data will not be reported. level=2 pid=94771
** [Honeybadger] Initializing Honeybadger Error Tracker for Ruby. Ship it! version=3.1.2 framework=rails level=1 pid=95190
** [Honeybadger] Entering development mode: data will not be reported. level=2 pid=95190
** [Honeybadger] Initializing Honeybadger Error Tracker for Ruby. Ship it! version=3.1.2 framework=rails level=1 pid=95221
** [Honeybadger] Entering development mode: data will not be reported. level=2 pid=95221
** [Honeybadger] Initializing Honeybadger Error Tracker for Ruby. Ship it! version=3.1.2 framework=rails level=1 pid=95345
** [Honeybadger] Entering development mode: data will not be reported. level=2 pid=95345
** [Honeybadger] Initializing Honeybadger Error Tracker for Ruby. Ship it! version=3.1.2 framework=rails level=1 pid=95387
** [Honeybadger] Entering development mode: data will not be reported. level=2 pid=95387
** [Honeybadger] Initializing Honeybadger Error Tracker for Ruby. Ship it! version=3.1.2 framework=rails level=1 pid=95417
** [Honeybadger] Entering development mode: data will not be reported. level=2 pid=95417
** [Honeybadger] Initializing Honeybadger Error Tracker for Ruby. Ship it! version=3.1.2 framework=rails level=1 pid=95438
** [Honeybadger] Entering development mode: data will not be reported. level=2 pid=95438
** [Honeybadger] Initializing Honeybadger Error Tracker for Ruby. Ship it! version=3.1.2 framework=rails level=1 pid=95460
** [Honeybadger] Entering development mode: data will not be reported. level=2 pid=95460
** [Honeybadger] Initializing Honeybadger Error Tracker for Ruby. Ship it! version=3.1.2 framework=rails level=1 pid=95482
** [Honeybadger] Entering development mode: data will not be reported. level=2 pid=95482
